2025-06-09 16:15:26 [INFO    ] [cogs.admin.addmoney_cmd            ] AddMoneyCommandCog (v3 - Refactored) initialized.
2025-06-09 16:15:26 [INFO    ] [cogs.admin.auto_cmd                ] AutoCommandCog (v2 - Refactored) initialized.
2025-06-09 16:15:26 [INFO    ] [cogs.admin.removemoney_cmd         ] RemoveMoneyCommandCog (v3 - Refactored) initialized.
2025-06-09 16:15:26 [INFO    ] [cogs.earn.beg_cmd                  ] ℹ️ BegCommandCog (Refactored) initialized.
2025-06-09 16:15:26 [INFO    ] [cogs.earn.crime_cmd                ] CrimeCommandCog (v4 - Refactored) initialized.
2025-06-09 16:15:26 [INFO    ] [cogs.earn.daily_cmd                ] DailyCommandCog (v3 - Refactored) initialized.
2025-06-09 16:15:26 [INFO    ] [cogs.earn.fish_cmd                 ] FishCommandCog (v4 - Refactored) initialized.
2025-06-09 16:15:26 [INFO    ] [cogs.earn.rob_cmd                  ] RobCommandCog (v4 - Refactored) initialized.
2025-06-09 16:15:26 [INFO    ] [cogs.earn.work_cmd                 ] WorkCommandCog (v4 - Refactored) initialized.
2025-06-09 16:15:26 [INFO    ] [cogs.economy.balance_cmd           ] BalanceCommandCog (v3 - Refactored) initialized.
2025-06-09 16:15:26 [INFO    ] [cogs.economy.bank_cmd              ] BankCommandCog (Refactored) initialized.
2025-06-09 16:15:26 [INFO    ] [cogs.economy.deposit_cmd           ] DepositCommandCog (v5 - Refactored) initialized.
2025-06-09 16:15:26 [INFO    ] [cogs.economy.transfer_cmd          ] TransferCommandCog (v3 - Refactored) initialized.
2025-06-09 16:15:26 [INFO    ] [cogs.economy.withdraw_cmd          ] WithdrawCommandCog (v4 - Refactored) initialized.
2025-06-09 16:15:26 [INFO    ] [cogs.economy.launder_cmd           ] LaunderCommandCog (v3 - Refactored) initialized.
2025-06-09 16:15:26 [INFO    ] [cogs.economy.visa_cmd              ] VisaCommandCog (v3 - Refactored) initialized.
2025-06-09 16:15:26 [INFO    ] [cogs.games.coinflip_cmd            ] CoinflipCommandCog (v5 - Refactored & Patched) initialized.
2025-06-09 16:15:26 [INFO    ] [cogs.games.dice_cmd                ] DiceCommandCog (v6 - Refactored & Patched) initialized.
2025-06-09 16:15:26 [INFO    ] [cogs.games.slots_cmd               ] SlotsCommandCog (v6 - Refactored & Patched) initialized.
2025-06-09 16:15:26 [INFO    ] [cogs.misc.globallb_cmd             ] ℹ️ GlobalLeaderboardCog (Refactored) initialized.
2025-06-09 16:15:26 [INFO    ] [cogs.misc.dashboard_cmd            ] DashboardCommandCog (Refactored) initialized.
2025-06-09 16:15:26 [INFO    ] [cogs.misc.howtoplay_cmd            ] HowToPlayCommandCog (v2 - Refactored) initialized.
2025-06-09 16:15:26 [INFO    ] [cogs.moderation.access_test_cmd    ] ℹ️ ModeratorAccessTestCog initialized.
2025-06-09 16:15:26 [INFO    ] [cogs.moderation.manage_mods_cmd    ] ManageModeratorsCog (v2) initialized.
2025-06-09 16:15:26 [INFO    ] [cogs.moderation.mod_slash_cmds     ] ℹ️ ModSlashCommandsCog initialized.
2025-06-09 16:15:26 [INFO    ] [cogs.moderation.mod_tools_slash    ] ModToolsSlashCog (v3 - Refactored) initialized.
2025-06-09 16:15:26 [INFO    ] [cogs.shop.buy_cmd                  ] BuyCommandCog (v4 - Refactored) initialized.
2025-06-09 16:15:26 [INFO    ] [cogs.shop.inventory_cmd            ] InventoryCommandCog (v3 - Refactored) initialized.
2025-06-09 16:15:26 [INFO    ] [cogs.shop.sell_cmd                 ] SellCommandCog (v4 - Refactored) initialized.
2025-06-09 16:15:26 [INFO    ] [cogs.shop.shop_cmd                 ] ShopDisplayCommandCog (v3 - Dynamic Items) initialized.
2025-06-09 16:15:26 [INFO    ] [cogs.tasks.dynamic_shop_task       ] DynamicShopTaskCog (v3 - Refactored) initialized and task started.
2025-06-09 16:15:26 [INFO    ] [cogs.tasks.survival_task           ] SurvivalTaskCog (v2 - Refactored) initialized and stat decay task started.
2025-06-09 16:15:26 [INFO    ] [cogs.tasks.autosave_task           ] AutoSaveTaskCog initialized and autosave task started.
2025-06-09 16:15:26 [INFO    ] [cogs.actions.use_cmd               ] UseCommandCog (v2 - Refactored) initialized.
2025-06-09 16:15:30 [INFO    ] [cogs.tasks.dynamic_shop_task       ] Dynamic Shop Task: Running...
2025-06-09 16:15:30 [INFO    ] [cogs.tasks.dynamic_shop_task       ] Dynamic Shop Task: Finished.
2025-06-09 16:15:30 [INFO    ] [cogs.tasks.survival_task           ] Survival Decay Task: Running...
2025-06-09 16:15:30 [INFO    ] [cogs.tasks.survival_task           ] Survival Decay Task: Finished.
2025-06-09 16:15:30 [INFO    ] [cogs.tasks.autosave_task           ] AUTOSAVE_TASK: Saving economy data from cache to file...
2025-06-09 16:15:30 [INFO    ] [cogs.tasks.autosave_task           ] AUTOSAVE_TASK: Data saved successfully.
2025-06-09 16:17:30 [INFO    ] [cogs.tasks.autosave_task           ] AUTOSAVE_TASK: Saving economy data from cache to file...
2025-06-09 16:17:30 [INFO    ] [cogs.tasks.autosave_task           ] AUTOSAVE_TASK: Data saved successfully.
2025-06-09 16:20:09 [INFO    ] [cogs.tasks.autosave_task           ] AUTOSAVE_TASK: Saving economy data from cache to file...
2025-06-09 16:20:09 [INFO    ] [cogs.tasks.autosave_task           ] AUTOSAVE_TASK: Data saved successfully.
2025-06-09 16:22:39 [INFO    ] [cogs.tasks.autosave_task           ] AUTOSAVE_TASK: Saving economy data from cache to file...
2025-06-09 16:22:39 [INFO    ] [cogs.tasks.autosave_task           ] AUTOSAVE_TASK: Data saved successfully.
2025-06-09 16:25:08 [INFO    ] [cogs.tasks.autosave_task           ] AUTOSAVE_TASK: Saving economy data from cache to file...
2025-06-09 16:25:08 [INFO    ] [cogs.tasks.autosave_task           ] AUTOSAVE_TASK: Data saved successfully.
2025-06-09 16:27:38 [INFO    ] [cogs.tasks.autosave_task           ] AUTOSAVE_TASK: Saving economy data from cache to file...
2025-06-09 16:27:38 [INFO    ] [cogs.tasks.autosave_task           ] AUTOSAVE_TASK: Data saved successfully.
2025-06-09 16:30:07 [INFO    ] [cogs.tasks.autosave_task           ] AUTOSAVE_TASK: Saving economy data from cache to file...
2025-06-09 16:30:07 [INFO    ] [cogs.tasks.autosave_task           ] AUTOSAVE_TASK: Data saved successfully.
2025-06-09 16:32:20 [INFO    ] [cogs.tasks.autosave_task           ] AUTOSAVE_TASK: Saving economy data from cache to file...
2025-06-09 16:32:20 [INFO    ] [cogs.tasks.autosave_task           ] AUTOSAVE_TASK: Data saved successfully.
2025-06-09 16:35:43 [INFO    ] [cogs.tasks.autosave_task           ] AUTOSAVE_TASK: Saving economy data from cache to file...
2025-06-09 16:35:44 [INFO    ] [cogs.tasks.autosave_task           ] AUTOSAVE_TASK: Data saved successfully.
2025-06-09 16:38:49 [INFO    ] [cogs.tasks.autosave_task           ] AUTOSAVE_TASK: Saving economy data from cache to file...
2025-06-09 16:38:49 [INFO    ] [cogs.tasks.autosave_task           ] AUTOSAVE_TASK: Data saved successfully.
2025-06-09 16:41:18 [INFO    ] [cogs.tasks.autosave_task           ] AUTOSAVE_TASK: Saving economy data from cache to file...
2025-06-09 16:41:18 [INFO    ] [cogs.tasks.autosave_task           ] AUTOSAVE_TASK: Data saved successfully.
2025-06-09 16:43:48 [INFO    ] [cogs.tasks.autosave_task           ] AUTOSAVE_TASK: Saving economy data from cache to file...
2025-06-09 16:43:48 [INFO    ] [cogs.tasks.autosave_task           ] AUTOSAVE_TASK: Data saved successfully.
2025-06-09 16:45:48 [INFO    ] [cogs.tasks.autosave_task           ] AUTOSAVE_TASK: Saving economy data from cache to file...
2025-06-09 16:45:48 [INFO    ] [cogs.tasks.autosave_task           ] AUTOSAVE_TASK: Data saved successfully.
2025-06-09 16:47:57 [INFO    ] [cogs.tasks.dynamic_shop_task       ] Dynamic Shop Task: Running...
2025-06-09 16:47:57 [INFO    ] [cogs.tasks.dynamic_shop_task       ] Dynamic Shop Task: Finished.
2025-06-09 16:47:57 [INFO    ] [cogs.tasks.autosave_task           ] AUTOSAVE_TASK: Saving economy data from cache to file...
2025-06-09 16:47:57 [INFO    ] [cogs.tasks.autosave_task           ] AUTOSAVE_TASK: Data saved successfully.
2025-06-09 16:50:26 [INFO    ] [cogs.tasks.autosave_task           ] AUTOSAVE_TASK: Saving economy data from cache to file...
2025-06-09 16:50:26 [INFO    ] [cogs.tasks.autosave_task           ] AUTOSAVE_TASK: Data saved successfully.
2025-06-09 16:52:26 [INFO    ] [cogs.tasks.autosave_task           ] AUTOSAVE_TASK: Saving economy data from cache to file...
2025-06-09 16:52:26 [INFO    ] [cogs.tasks.autosave_task           ] AUTOSAVE_TASK: Data saved successfully.
2025-06-09 16:54:34 [INFO    ] [cogs.tasks.autosave_task           ] AUTOSAVE_TASK: Saving economy data from cache to file...
2025-06-09 16:54:34 [INFO    ] [cogs.tasks.autosave_task           ] AUTOSAVE_TASK: Data saved successfully.
2025-06-09 16:56:34 [INFO    ] [cogs.tasks.autosave_task           ] AUTOSAVE_TASK: Saving economy data from cache to file...
2025-06-09 16:56:34 [INFO    ] [cogs.tasks.autosave_task           ] AUTOSAVE_TASK: Data saved successfully.
2025-06-09 16:58:43 [INFO    ] [cogs.tasks.autosave_task           ] AUTOSAVE_TASK: Saving economy data from cache to file...
2025-06-09 16:58:43 [INFO    ] [cogs.tasks.autosave_task           ] AUTOSAVE_TASK: Data saved successfully.
2025-06-09 17:01:13 [INFO    ] [cogs.tasks.autosave_task           ] AUTOSAVE_TASK: Saving economy data from cache to file...
2025-06-09 17:01:13 [INFO    ] [cogs.tasks.autosave_task           ] AUTOSAVE_TASK: Data saved successfully.
2025-06-09 17:03:43 [INFO    ] [cogs.tasks.autosave_task           ] AUTOSAVE_TASK: Saving economy data from cache to file...
2025-06-09 17:03:43 [INFO    ] [cogs.tasks.autosave_task           ] AUTOSAVE_TASK: Data saved successfully.
2025-06-09 17:06:12 [INFO    ] [cogs.tasks.autosave_task           ] AUTOSAVE_TASK: Saving economy data from cache to file...
2025-06-09 17:06:12 [INFO    ] [cogs.tasks.autosave_task           ] AUTOSAVE_TASK: Data saved successfully.
2025-06-09 17:08:42 [INFO    ] [cogs.tasks.autosave_task           ] AUTOSAVE_TASK: Saving economy data from cache to file...
2025-06-09 17:08:42 [INFO    ] [cogs.tasks.autosave_task           ] AUTOSAVE_TASK: Data saved successfully.
2025-06-09 17:11:12 [INFO    ] [cogs.tasks.autosave_task           ] AUTOSAVE_TASK: Saving economy data from cache to file...
2025-06-09 17:11:12 [INFO    ] [cogs.tasks.autosave_task           ] AUTOSAVE_TASK: Data saved successfully.
2025-06-09 17:13:41 [INFO    ] [cogs.tasks.autosave_task           ] AUTOSAVE_TASK: Saving economy data from cache to file...
2025-06-09 17:13:41 [INFO    ] [cogs.tasks.autosave_task           ] AUTOSAVE_TASK: Data saved successfully.
2025-06-09 17:16:11 [INFO    ] [cogs.tasks.autosave_task           ] AUTOSAVE_TASK: Saving economy data from cache to file...
2025-06-09 17:16:11 [INFO    ] [cogs.tasks.autosave_task           ] AUTOSAVE_TASK: Data saved successfully.
2025-06-09 17:17:50 [INFO    ] [cogs.tasks.survival_task           ] Survival Decay Task: Running...
2025-06-09 17:17:50 [INFO    ] [cogs.tasks.survival_task           ] Survival Decay Task: Finished.
2025-06-09 17:18:40 [INFO    ] [cogs.tasks.dynamic_shop_task       ] Dynamic Shop Task: Running...
2025-06-09 17:18:40 [INFO    ] [cogs.tasks.dynamic_shop_task       ] Dynamic Shop Task: Finished.
2025-06-09 17:18:40 [INFO    ] [cogs.tasks.autosave_task           ] AUTOSAVE_TASK: Saving economy data from cache to file...
2025-06-09 17:18:40 [INFO    ] [cogs.tasks.autosave_task           ] AUTOSAVE_TASK: Data saved successfully.
2025-06-09 17:21:10 [INFO    ] [cogs.tasks.autosave_task           ] AUTOSAVE_TASK: Saving economy data from cache to file...
2025-06-09 17:21:10 [INFO    ] [cogs.tasks.autosave_task           ] AUTOSAVE_TASK: Data saved successfully.
2025-06-09 17:23:40 [INFO    ] [cogs.tasks.autosave_task           ] AUTOSAVE_TASK: Saving economy data from cache to file...
2025-06-09 17:23:40 [INFO    ] [cogs.tasks.autosave_task           ] AUTOSAVE_TASK: Data saved successfully.
2025-06-09 17:26:10 [INFO    ] [cogs.tasks.autosave_task           ] AUTOSAVE_TASK: Saving economy data from cache to file...
2025-06-09 17:26:10 [INFO    ] [cogs.tasks.autosave_task           ] AUTOSAVE_TASK: Data saved successfully.
2025-06-09 17:28:40 [INFO    ] [cogs.tasks.autosave_task           ] AUTOSAVE_TASK: Saving economy data from cache to file...
2025-06-09 17:28:40 [INFO    ] [cogs.tasks.autosave_task           ] AUTOSAVE_TASK: Data saved successfully.
2025-06-09 17:31:10 [INFO    ] [cogs.tasks.autosave_task           ] AUTOSAVE_TASK: Saving economy data from cache to file...
2025-06-09 17:31:10 [INFO    ] [cogs.tasks.autosave_task           ] AUTOSAVE_TASK: Data saved successfully.
2025-06-09 17:34:33 [INFO    ] [cogs.tasks.autosave_task           ] AUTOSAVE_TASK: Saving economy data from cache to file...
2025-06-09 17:35:20 [INFO    ] [cogs.tasks.autosave_task           ] AUTOSAVE_TASK: Data saved successfully.
2025-06-09 17:37:07 [INFO    ] [cogs.tasks.autosave_task           ] AUTOSAVE_TASK: Saving economy data from cache to file...
2025-06-09 17:37:07 [INFO    ] [cogs.tasks.autosave_task           ] AUTOSAVE_TASK: Data saved successfully.
2025-06-09 17:39:36 [INFO    ] [cogs.tasks.autosave_task           ] AUTOSAVE_TASK: Saving economy data from cache to file...
2025-06-09 17:39:36 [INFO    ] [cogs.tasks.autosave_task           ] AUTOSAVE_TASK: Data saved successfully.
2025-06-09 17:42:06 [INFO    ] [cogs.tasks.autosave_task           ] AUTOSAVE_TASK: Saving economy data from cache to file...
2025-06-09 17:42:06 [INFO    ] [cogs.tasks.autosave_task           ] AUTOSAVE_TASK: Data saved successfully.
2025-06-09 17:44:35 [INFO    ] [cogs.tasks.autosave_task           ] AUTOSAVE_TASK: Saving economy data from cache to file...
2025-06-09 17:44:35 [INFO    ] [cogs.tasks.autosave_task           ] AUTOSAVE_TASK: Data saved successfully.
2025-06-09 17:47:05 [INFO    ] [cogs.tasks.autosave_task           ] AUTOSAVE_TASK: Saving economy data from cache to file...
2025-06-09 17:47:05 [INFO    ] [cogs.tasks.autosave_task           ] AUTOSAVE_TASK: Data saved successfully.
2025-06-09 17:50:25 [INFO    ] [cogs.tasks.autosave_task           ] AUTOSAVE_TASK: Saving economy data from cache to file...
2025-06-09 17:50:25 [INFO    ] [cogs.tasks.autosave_task           ] AUTOSAVE_TASK: Data saved successfully.
2025-06-09 17:52:54 [INFO    ] [cogs.tasks.dynamic_shop_task       ] Dynamic Shop Task: Running...
2025-06-09 17:52:54 [INFO    ] [cogs.tasks.dynamic_shop_task       ] Dynamic Shop Task: Finished.
2025-06-09 17:53:44 [INFO    ] [cogs.tasks.autosave_task           ] AUTOSAVE_TASK: Saving economy data from cache to file...
2025-06-09 17:53:44 [INFO    ] [cogs.tasks.autosave_task           ] AUTOSAVE_TASK: Data saved successfully.
2025-06-09 17:56:14 [INFO    ] [cogs.tasks.autosave_task           ] AUTOSAVE_TASK: Saving economy data from cache to file...
2025-06-09 17:56:14 [INFO    ] [cogs.tasks.autosave_task           ] AUTOSAVE_TASK: Data saved successfully.
2025-06-09 17:58:44 [INFO    ] [cogs.tasks.autosave_task           ] AUTOSAVE_TASK: Saving economy data from cache to file...
2025-06-09 17:58:44 [INFO    ] [cogs.tasks.autosave_task           ] AUTOSAVE_TASK: Data saved successfully.
2025-06-09 18:01:14 [INFO    ] [cogs.tasks.autosave_task           ] AUTOSAVE_TASK: Saving economy data from cache to file...
2025-06-09 18:01:14 [INFO    ] [cogs.tasks.autosave_task           ] AUTOSAVE_TASK: Data saved successfully.
2025-06-09 18:03:43 [INFO    ] [cogs.tasks.autosave_task           ] AUTOSAVE_TASK: Saving economy data from cache to file...
2025-06-09 18:03:43 [INFO    ] [cogs.tasks.autosave_task           ] AUTOSAVE_TASK: Data saved successfully.
2025-06-09 18:06:13 [INFO    ] [cogs.tasks.autosave_task           ] AUTOSAVE_TASK: Saving economy data from cache to file...
2025-06-09 18:06:13 [INFO    ] [cogs.tasks.autosave_task           ] AUTOSAVE_TASK: Data saved successfully.
2025-06-09 18:08:42 [INFO    ] [cogs.tasks.autosave_task           ] AUTOSAVE_TASK: Saving economy data from cache to file...
2025-06-09 18:08:42 [INFO    ] [cogs.tasks.autosave_task           ] AUTOSAVE_TASK: Data saved successfully.
2025-06-09 18:11:12 [INFO    ] [cogs.tasks.autosave_task           ] AUTOSAVE_TASK: Saving economy data from cache to file...
2025-06-09 18:11:12 [INFO    ] [cogs.tasks.autosave_task           ] AUTOSAVE_TASK: Data saved successfully.
2025-06-09 18:13:42 [INFO    ] [cogs.tasks.autosave_task           ] AUTOSAVE_TASK: Saving economy data from cache to file...
2025-06-09 18:13:42 [INFO    ] [cogs.tasks.autosave_task           ] AUTOSAVE_TASK: Data saved successfully.
2025-06-09 18:16:11 [INFO    ] [cogs.tasks.autosave_task           ] AUTOSAVE_TASK: Saving economy data from cache to file...
2025-06-09 18:16:11 [INFO    ] [cogs.tasks.autosave_task           ] AUTOSAVE_TASK: Data saved successfully.
2025-06-09 18:19:31 [INFO    ] [cogs.tasks.autosave_task           ] AUTOSAVE_TASK: Saving economy data from cache to file...
2025-06-09 18:19:31 [INFO    ] [cogs.tasks.autosave_task           ] AUTOSAVE_TASK: Data saved successfully.
2025-06-09 18:23:46 [INFO    ] [cogs.tasks.autosave_task           ] AUTOSAVE_TASK: Saving economy data from cache to file...
2025-06-09 18:23:46 [INFO    ] [cogs.tasks.autosave_task           ] AUTOSAVE_TASK: Data saved successfully.
2025-06-09 18:27:00 [INFO    ] [cogs.tasks.autosave_task           ] AUTOSAVE_TASK: Saving economy data from cache to file...
2025-06-09 18:27:00 [INFO    ] [cogs.tasks.autosave_task           ] AUTOSAVE_TASK: Data saved successfully.
2025-06-09 18:27:00 [INFO    ] [cogs.tasks.survival_task           ] Survival Decay Task: Running...
2025-06-09 18:27:00 [INFO    ] [cogs.tasks.survival_task           ] Survival Decay Task: Finished.
2025-06-09 18:28:40 [INFO    ] [cogs.tasks.dynamic_shop_task       ] Dynamic Shop Task: Running...
2025-06-09 18:28:40 [INFO    ] [cogs.tasks.dynamic_shop_task       ] Dynamic Shop Task: Finished.
2025-06-09 18:29:30 [INFO    ] [cogs.tasks.autosave_task           ] AUTOSAVE_TASK: Saving economy data from cache to file...
2025-06-09 18:29:30 [INFO    ] [cogs.tasks.autosave_task           ] AUTOSAVE_TASK: Data saved successfully.
2025-06-09 18:32:00 [INFO    ] [cogs.tasks.autosave_task           ] AUTOSAVE_TASK: Saving economy data from cache to file...
2025-06-09 18:32:00 [INFO    ] [cogs.tasks.autosave_task           ] AUTOSAVE_TASK: Data saved successfully.
2025-06-09 18:34:30 [INFO    ] [cogs.tasks.autosave_task           ] AUTOSAVE_TASK: Saving economy data from cache to file...
2025-06-09 18:34:30 [INFO    ] [cogs.tasks.autosave_task           ] AUTOSAVE_TASK: Data saved successfully.
2025-06-09 18:36:59 [INFO    ] [cogs.tasks.autosave_task           ] AUTOSAVE_TASK: Saving economy data from cache to file...
2025-06-09 18:36:59 [INFO    ] [cogs.tasks.autosave_task           ] AUTOSAVE_TASK: Data saved successfully.
2025-06-09 18:39:29 [INFO    ] [cogs.tasks.autosave_task           ] AUTOSAVE_TASK: Saving economy data from cache to file...
2025-06-09 18:39:29 [INFO    ] [cogs.tasks.autosave_task           ] AUTOSAVE_TASK: Data saved successfully.
2025-06-09 18:41:58 [INFO    ] [cogs.tasks.autosave_task           ] AUTOSAVE_TASK: Saving economy data from cache to file...
2025-06-09 18:41:58 [INFO    ] [cogs.tasks.autosave_task           ] AUTOSAVE_TASK: Data saved successfully.
2025-06-09 18:44:28 [INFO    ] [cogs.tasks.autosave_task           ] AUTOSAVE_TASK: Saving economy data from cache to file...
2025-06-09 18:44:28 [INFO    ] [cogs.tasks.autosave_task           ] AUTOSAVE_TASK: Data saved successfully.
2025-06-09 18:46:28 [INFO    ] [cogs.tasks.autosave_task           ] AUTOSAVE_TASK: Saving economy data from cache to file...
2025-06-09 18:46:28 [INFO    ] [cogs.tasks.autosave_task           ] AUTOSAVE_TASK: Data saved successfully.
2025-06-09 18:48:28 [INFO    ] [cogs.tasks.autosave_task           ] AUTOSAVE_TASK: Saving economy data from cache to file...
2025-06-09 18:48:28 [INFO    ] [cogs.tasks.autosave_task           ] AUTOSAVE_TASK: Data saved successfully.
2025-06-09 18:50:58 [INFO    ] [cogs.tasks.autosave_task           ] AUTOSAVE_TASK: Saving economy data from cache to file...
2025-06-09 18:50:58 [INFO    ] [cogs.tasks.autosave_task           ] AUTOSAVE_TASK: Data saved successfully.
2025-06-09 18:53:27 [INFO    ] [cogs.tasks.autosave_task           ] AUTOSAVE_TASK: Saving economy data from cache to file...
2025-06-09 18:53:27 [INFO    ] [cogs.tasks.autosave_task           ] AUTOSAVE_TASK: Data saved successfully.
2025-06-09 18:55:57 [INFO    ] [cogs.tasks.autosave_task           ] AUTOSAVE_TASK: Saving economy data from cache to file...
2025-06-09 18:55:57 [INFO    ] [cogs.tasks.autosave_task           ] AUTOSAVE_TASK: Data saved successfully.
2025-06-09 18:58:26 [INFO    ] [cogs.tasks.autosave_task           ] AUTOSAVE_TASK: Saving economy data from cache to file...
2025-06-09 18:58:26 [INFO    ] [cogs.tasks.autosave_task           ] AUTOSAVE_TASK: Data saved successfully.
2025-06-09 18:59:16 [INFO    ] [cogs.tasks.dynamic_shop_task       ] Dynamic Shop Task: Running...
2025-06-09 18:59:16 [INFO    ] [cogs.tasks.dynamic_shop_task       ] Dynamic Shop Task: Finished.
2025-06-09 19:00:56 [INFO    ] [cogs.tasks.autosave_task           ] AUTOSAVE_TASK: Saving economy data from cache to file...
2025-06-09 19:00:56 [INFO    ] [cogs.tasks.autosave_task           ] AUTOSAVE_TASK: Data saved successfully.
2025-06-09 19:03:26 [INFO    ] [cogs.tasks.autosave_task           ] AUTOSAVE_TASK: Saving economy data from cache to file...
2025-06-09 19:03:26 [INFO    ] [cogs.tasks.autosave_task           ] AUTOSAVE_TASK: Data saved successfully.
2025-06-09 19:05:55 [INFO    ] [cogs.tasks.autosave_task           ] AUTOSAVE_TASK: Saving economy data from cache to file...
2025-06-09 19:05:55 [INFO    ] [cogs.tasks.autosave_task           ] AUTOSAVE_TASK: Data saved successfully.
2025-06-09 19:08:25 [INFO    ] [cogs.tasks.autosave_task           ] AUTOSAVE_TASK: Saving economy data from cache to file...
2025-06-09 19:08:25 [INFO    ] [cogs.tasks.autosave_task           ] AUTOSAVE_TASK: Data saved successfully.
2025-06-09 19:10:54 [INFO    ] [cogs.tasks.autosave_task           ] AUTOSAVE_TASK: Saving economy data from cache to file...
2025-06-09 19:10:54 [INFO    ] [cogs.tasks.autosave_task           ] AUTOSAVE_TASK: Data saved successfully.
2025-06-09 19:13:24 [INFO    ] [cogs.tasks.autosave_task           ] AUTOSAVE_TASK: Saving economy data from cache to file...
2025-06-09 19:13:24 [INFO    ] [cogs.tasks.autosave_task           ] AUTOSAVE_TASK: Data saved successfully.
2025-06-09 19:15:54 [INFO    ] [cogs.tasks.autosave_task           ] AUTOSAVE_TASK: Saving economy data from cache to file...
2025-06-09 19:15:54 [INFO    ] [cogs.tasks.autosave_task           ] AUTOSAVE_TASK: Data saved successfully.
2025-06-09 19:18:23 [INFO    ] [cogs.tasks.autosave_task           ] AUTOSAVE_TASK: Saving economy data from cache to file...
2025-06-09 19:18:23 [INFO    ] [cogs.tasks.autosave_task           ] AUTOSAVE_TASK: Data saved successfully.
2025-06-09 19:20:52 [INFO    ] [cogs.tasks.autosave_task           ] AUTOSAVE_TASK: Saving economy data from cache to file...
2025-06-09 19:20:52 [INFO    ] [cogs.tasks.autosave_task           ] AUTOSAVE_TASK: Data saved successfully.
2025-06-09 19:23:22 [INFO    ] [cogs.tasks.autosave_task           ] AUTOSAVE_TASK: Saving economy data from cache to file...
2025-06-09 19:23:22 [INFO    ] [cogs.tasks.autosave_task           ] AUTOSAVE_TASK: Data saved successfully.
2025-06-09 19:25:52 [INFO    ] [cogs.tasks.autosave_task           ] AUTOSAVE_TASK: Saving economy data from cache to file...
2025-06-09 19:25:52 [INFO    ] [cogs.tasks.autosave_task           ] AUTOSAVE_TASK: Data saved successfully.
2025-06-09 19:27:31 [INFO    ] [cogs.tasks.survival_task           ] Survival Decay Task: Running...
2025-06-09 19:27:31 [INFO    ] [cogs.tasks.survival_task           ] Survival Decay Task: Finished.
2025-06-09 19:28:21 [INFO    ] [cogs.tasks.autosave_task           ] AUTOSAVE_TASK: Saving economy data from cache to file...
2025-06-09 19:28:21 [INFO    ] [cogs.tasks.autosave_task           ] AUTOSAVE_TASK: Data saved successfully.
2025-06-09 19:30:01 [INFO    ] [cogs.tasks.dynamic_shop_task       ] Dynamic Shop Task: Running...
2025-06-09 19:30:01 [INFO    ] [cogs.tasks.dynamic_shop_task       ] Dynamic Shop Task: Finished.
2025-06-09 19:30:51 [INFO    ] [cogs.tasks.autosave_task           ] AUTOSAVE_TASK: Saving economy data from cache to file...
2025-06-09 19:30:51 [INFO    ] [cogs.tasks.autosave_task           ] AUTOSAVE_TASK: Data saved successfully.
2025-06-09 19:33:20 [INFO    ] [cogs.tasks.autosave_task           ] AUTOSAVE_TASK: Saving economy data from cache to file...
2025-06-09 19:33:20 [INFO    ] [cogs.tasks.autosave_task           ] AUTOSAVE_TASK: Data saved successfully.
2025-06-09 19:35:49 [INFO    ] [cogs.tasks.autosave_task           ] AUTOSAVE_TASK: Saving economy data from cache to file...
2025-06-09 19:35:49 [INFO    ] [cogs.tasks.autosave_task           ] AUTOSAVE_TASK: Data saved successfully.
2025-06-09 19:38:19 [INFO    ] [cogs.tasks.autosave_task           ] AUTOSAVE_TASK: Saving economy data from cache to file...
2025-06-09 19:38:19 [INFO    ] [cogs.tasks.autosave_task           ] AUTOSAVE_TASK: Data saved successfully.
2025-06-09 19:40:48 [INFO    ] [cogs.tasks.autosave_task           ] AUTOSAVE_TASK: Saving economy data from cache to file...
2025-06-09 19:40:48 [INFO    ] [cogs.tasks.autosave_task           ] AUTOSAVE_TASK: Data saved successfully.
2025-06-09 19:43:18 [INFO    ] [cogs.tasks.autosave_task           ] AUTOSAVE_TASK: Saving economy data from cache to file...
2025-06-09 19:43:18 [INFO    ] [cogs.tasks.autosave_task           ] AUTOSAVE_TASK: Data saved successfully.
2025-06-09 19:45:48 [INFO    ] [cogs.tasks.autosave_task           ] AUTOSAVE_TASK: Saving economy data from cache to file...
2025-06-09 19:45:48 [INFO    ] [cogs.tasks.autosave_task           ] AUTOSAVE_TASK: Data saved successfully.
2025-06-09 19:48:18 [INFO    ] [cogs.tasks.autosave_task           ] AUTOSAVE_TASK: Saving economy data from cache to file...
2025-06-09 19:48:18 [INFO    ] [cogs.tasks.autosave_task           ] AUTOSAVE_TASK: Data saved successfully.
2025-06-09 19:50:47 [INFO    ] [cogs.tasks.autosave_task           ] AUTOSAVE_TASK: Saving economy data from cache to file...
2025-06-09 19:50:47 [INFO    ] [cogs.tasks.autosave_task           ] AUTOSAVE_TASK: Data saved successfully.
2025-06-09 19:53:17 [INFO    ] [cogs.tasks.autosave_task           ] AUTOSAVE_TASK: Saving economy data from cache to file...
2025-06-09 19:53:17 [INFO    ] [cogs.tasks.autosave_task           ] AUTOSAVE_TASK: Data saved successfully.
2025-06-09 19:55:46 [INFO    ] [cogs.tasks.autosave_task           ] AUTOSAVE_TASK: Saving economy data from cache to file...
2025-06-09 19:55:46 [INFO    ] [cogs.tasks.autosave_task           ] AUTOSAVE_TASK: Data saved successfully.
2025-06-09 19:58:15 [INFO    ] [cogs.tasks.autosave_task           ] AUTOSAVE_TASK: Saving economy data from cache to file...
2025-06-09 19:58:15 [INFO    ] [cogs.tasks.autosave_task           ] AUTOSAVE_TASK: Data saved successfully.
2025-06-09 20:00:45 [INFO    ] [cogs.tasks.dynamic_shop_task       ] Dynamic Shop Task: Running...
2025-06-09 20:00:45 [INFO    ] [cogs.tasks.dynamic_shop_task       ] Dynamic Shop Task: Finished.
2025-06-09 20:00:45 [INFO    ] [cogs.tasks.autosave_task           ] AUTOSAVE_TASK: Saving economy data from cache to file...
2025-06-09 20:00:45 [INFO    ] [cogs.tasks.autosave_task           ] AUTOSAVE_TASK: Data saved successfully.
2025-06-09 20:03:17 [INFO    ] [cogs.tasks.autosave_task           ] AUTOSAVE_TASK: Saving economy data from cache to file...
2025-06-09 20:03:17 [INFO    ] [cogs.tasks.autosave_task           ] AUTOSAVE_TASK: Data saved successfully.
2025-06-09 20:07:28 [INFO    ] [cogs.tasks.autosave_task           ] AUTOSAVE_TASK: Saving economy data from cache to file...
2025-06-09 20:07:28 [INFO    ] [cogs.tasks.autosave_task           ] AUTOSAVE_TASK: Data saved successfully.
2025-06-09 20:12:41 [INFO    ] [cogs.tasks.autosave_task           ] AUTOSAVE_TASK: Saving economy data from cache to file...
2025-06-09 20:12:41 [INFO    ] [cogs.tasks.autosave_task           ] AUTOSAVE_TASK: Data saved successfully.
2025-06-09 20:16:56 [INFO    ] [cogs.tasks.autosave_task           ] AUTOSAVE_TASK: Saving economy data from cache to file...
2025-06-09 20:16:56 [INFO    ] [cogs.tasks.autosave_task           ] AUTOSAVE_TASK: Data saved successfully.
2025-06-09 20:19:25 [INFO    ] [cogs.tasks.autosave_task           ] AUTOSAVE_TASK: Saving economy data from cache to file...
2025-06-09 20:19:25 [INFO    ] [cogs.tasks.autosave_task           ] AUTOSAVE_TASK: Data saved successfully.
2025-06-09 20:21:55 [INFO    ] [cogs.tasks.autosave_task           ] AUTOSAVE_TASK: Saving economy data from cache to file...
2025-06-09 20:21:55 [INFO    ] [cogs.tasks.autosave_task           ] AUTOSAVE_TASK: Data saved successfully.
2025-06-09 20:24:25 [INFO    ] [cogs.tasks.autosave_task           ] AUTOSAVE_TASK: Saving economy data from cache to file...
2025-06-09 20:24:25 [INFO    ] [cogs.tasks.autosave_task           ] AUTOSAVE_TASK: Data saved successfully.
2025-06-09 20:26:54 [INFO    ] [cogs.tasks.autosave_task           ] AUTOSAVE_TASK: Saving economy data from cache to file...
2025-06-09 20:26:54 [INFO    ] [cogs.tasks.autosave_task           ] AUTOSAVE_TASK: Data saved successfully.
2025-06-09 20:29:24 [INFO    ] [cogs.tasks.autosave_task           ] AUTOSAVE_TASK: Saving economy data from cache to file...
2025-06-09 20:29:24 [INFO    ] [cogs.tasks.autosave_task           ] AUTOSAVE_TASK: Data saved successfully.
2025-06-09 20:31:53 [INFO    ] [cogs.tasks.autosave_task           ] AUTOSAVE_TASK: Saving economy data from cache to file...
2025-06-09 20:31:53 [INFO    ] [cogs.tasks.autosave_task           ] AUTOSAVE_TASK: Data saved successfully.
2025-06-09 20:34:23 [INFO    ] [cogs.tasks.autosave_task           ] AUTOSAVE_TASK: Saving economy data from cache to file...
2025-06-09 20:34:23 [INFO    ] [cogs.tasks.autosave_task           ] AUTOSAVE_TASK: Data saved successfully.
2025-06-09 20:36:02 [INFO    ] [cogs.tasks.survival_task           ] Survival Decay Task: Running...
2025-06-09 20:36:02 [INFO    ] [cogs.tasks.survival_task           ] Survival Decay Task: Finished.
2025-06-09 20:36:52 [INFO    ] [cogs.tasks.autosave_task           ] AUTOSAVE_TASK: Saving economy data from cache to file...
2025-06-09 20:36:52 [INFO    ] [cogs.tasks.autosave_task           ] AUTOSAVE_TASK: Data saved successfully.
2025-06-09 20:38:56 [INFO    ] [cogs.tasks.dynamic_shop_task       ] Dynamic Shop Task: Running...
2025-06-09 20:38:56 [INFO    ] [cogs.tasks.dynamic_shop_task       ] Dynamic Shop Task: Finished.
2025-06-09 20:38:56 [INFO    ] [cogs.tasks.autosave_task           ] AUTOSAVE_TASK: Saving economy data from cache to file...
2025-06-09 20:38:56 [INFO    ] [cogs.tasks.autosave_task           ] AUTOSAVE_TASK: Data saved successfully.
2025-06-09 20:41:25 [INFO    ] [cogs.tasks.autosave_task           ] AUTOSAVE_TASK: Saving economy data from cache to file...
2025-06-09 20:41:25 [INFO    ] [cogs.tasks.autosave_task           ] AUTOSAVE_TASK: Data saved successfully.
2025-06-09 20:43:55 [INFO    ] [cogs.tasks.autosave_task           ] AUTOSAVE_TASK: Saving economy data from cache to file...
2025-06-09 20:43:55 [INFO    ] [cogs.tasks.autosave_task           ] AUTOSAVE_TASK: Data saved successfully.
2025-06-09 20:46:24 [INFO    ] [cogs.tasks.autosave_task           ] AUTOSAVE_TASK: Saving economy data from cache to file...
2025-06-09 20:46:24 [INFO    ] [cogs.tasks.autosave_task           ] AUTOSAVE_TASK: Data saved successfully.
2025-06-09 20:48:54 [INFO    ] [cogs.tasks.autosave_task           ] AUTOSAVE_TASK: Saving economy data from cache to file...
2025-06-09 20:48:54 [INFO    ] [cogs.tasks.autosave_task           ] AUTOSAVE_TASK: Data saved successfully.
2025-06-09 20:51:23 [INFO    ] [cogs.tasks.autosave_task           ] AUTOSAVE_TASK: Saving economy data from cache to file...
2025-06-09 20:51:23 [INFO    ] [cogs.tasks.autosave_task           ] AUTOSAVE_TASK: Data saved successfully.
2025-06-09 20:53:52 [INFO    ] [cogs.tasks.autosave_task           ] AUTOSAVE_TASK: Saving economy data from cache to file...
2025-06-09 20:53:52 [INFO    ] [cogs.tasks.autosave_task           ] AUTOSAVE_TASK: Data saved successfully.
2025-06-09 20:56:22 [INFO    ] [cogs.tasks.autosave_task           ] AUTOSAVE_TASK: Saving economy data from cache to file...
2025-06-09 20:56:22 [INFO    ] [cogs.tasks.autosave_task           ] AUTOSAVE_TASK: Data saved successfully.
2025-06-09 20:58:52 [INFO    ] [cogs.tasks.autosave_task           ] AUTOSAVE_TASK: Saving economy data from cache to file...
2025-06-09 20:58:52 [INFO    ] [cogs.tasks.autosave_task           ] AUTOSAVE_TASK: Data saved successfully.
2025-06-09 21:01:21 [INFO    ] [cogs.tasks.autosave_task           ] AUTOSAVE_TASK: Saving economy data from cache to file...
2025-06-09 21:01:21 [INFO    ] [cogs.tasks.autosave_task           ] AUTOSAVE_TASK: Data saved successfully.
2025-06-09 21:03:21 [INFO    ] [cogs.tasks.autosave_task           ] AUTOSAVE_TASK: Saving economy data from cache to file...
2025-06-09 21:03:21 [INFO    ] [cogs.tasks.autosave_task           ] AUTOSAVE_TASK: Data saved successfully.
